2025-04-03 13:31:26 | Auth | user gael.mapwata@ubagroup.com trying to login
2025-04-03 13:31:26 | Auth | user gael.mapwata@ubagroup.com successful logged with active directory, otp sended
2025-04-03 13:31:44 | Auth | user gael.mapwata@ubagroup.com successful logged with otp verification
2025-04-03 13:40:52 | Auth | user gael.mapwata@ubagroup.com trying to login
2025-04-03 13:40:53 | Auth | user gael.mapwata@ubagroup.com successful logged with active directory, otp sended
2025-04-03 13:41:02 | Auth | user gael.mapwata@ubagroup.com successful logged with otp verification
2025-04-03 13:56:00 | Auth | user gael.mapwata@ubagroup.com trying to login
2025-04-03 13:56:00 | Auth | user gael.mapwata@ubagroup.com successful logged with active directory, otp sended
2025-04-03 13:56:08 | Auth | user gael.mapwata@ubagroup.com successful logged with otp verification
2025-04-03 15:12:52 | Auth | user gael.mapwata@ubagroup.com trying to login
2025-04-03 15:12:52 | Auth | user gael.mapwata@ubagroup.com successful logged with active directory, otp sended
2025-04-03 15:13:01 | Auth | user gael.mapwata@ubagroup.com successful logged with otp verification
2025-04-03 15:13:17 | Request | user (gael.mapwata@ubagroup.com #1) initiate validation of a request, requestId: 6
2025-04-03 15:13:17 | Request | request (6) validated by user (gael.mapwata@ubagroup.com #1)successfully
2025-04-03 15:27:24 | Auth | user gael.mapwata@ubagroup.com trying to login
2025-04-03 15:27:24 | Auth | user gael.mapwata@ubagroup.com successful logged with active directory, otp sended
2025-04-03 15:27:31 | Auth | user gael.mapwata@ubagroup.com successful logged with otp verification
2025-04-03 15:27:38 | Request | request (5) validated by user (gael.mapwata@ubagroup.com #1)successfully
2025-04-03 15:27:38 | Request | user (gael.mapwata@ubagroup.com #1) initiate validation of a request, requestId: 5
2025-04-03 15:30:34 | Auth | user gael.mapwata@ubagroup.com trying to login
2025-04-03 15:30:34 | Auth | user gael.mapwata@ubagroup.com successful logged with active directory, otp sended
2025-04-03 15:30:40 | Auth | user gael.mapwata@ubagroup.com successful logged with otp verification
2025-04-03 15:31:17 | Request | user (gael.mapwata@ubagroup.com #1) initiate validation of a request, requestId: 8
2025-04-03 15:31:17 | Request | request (8) validated by user (gael.mapwata@ubagroup.com #1)successfully
2025-04-03 15:33:27 | Request | request (7) validated by user (gael.mapwata@ubagroup.com #1)successfully
2025-04-03 15:33:27 | Request | user (gael.mapwata@ubagroup.com #1) initiate validation of a request, requestId: 7
2025-04-03 15:35:03 | Request | user (gael.mapwata@ubagroup.com #1) initiate validation of a request, requestId: 8
2025-04-03 15:35:03 | Request | request (8) validated by user (gael.mapwata@ubagroup.com #1)successfully
2025-04-03 15:38:35 | Auth | user gael.mapwata@ubagroup.com trying to login
2025-04-03 15:38:35 | Auth | user gael.mapwata@ubagroup.com successful logged with active directory, otp sended
2025-04-03 15:38:42 | Auth | user gael.mapwata@ubagroup.com successful logged with otp verification
2025-04-03 15:38:53 | Request | user (gael.mapwata@ubagroup.com #1) initiate validation of a request, requestId: 7
2025-04-03 15:39:57 | Request | user (gael.mapwata@ubagroup.com #1) initiate validation of a request, requestId: 7
2025-04-03 15:43:09 | Request | user (gael.mapwata@ubagroup.com #1) initiate validation of a request, requestId: 7
2025-04-03 15:43:09 | Request | error occurred when validating  request (7) the validator must be different of request
2025-04-03 16:18:06 | Auth | user gael.mapwata@ubagroup.com trying to login
2025-04-03 16:18:06 | Auth | user gael.mapwata@ubagroup.com successful logged with active directory, otp sended
2025-04-03 16:18:20 | Auth | user gael.mapwata@ubagroup.com successful logged with otp verification
2025-04-03 16:29:28 | Auth | user gael.mapwata@ubagroup.com trying to login
2025-04-03 16:29:28 | Auth | user gael.mapwata@ubagroup.com successful logged with active directory, otp sended
2025-04-03 16:29:39 | Auth | user gael.mapwata@ubagroup.com successful logged with otp verification
2025-04-03 16:36:25 | Auth | user gael.mapwata@ubagroup.com trying to login
2025-04-03 16:36:25 | Auth | user gael.mapwata@ubagroup.com successful logged with active directory, otp sended
2025-04-03 16:36:33 | Auth | user gael.mapwata@ubagroup.com successful logged with otp verification
